email_sent=true
smtp_connection=success
gmail_auth=success
missing_secrets=none
error=none
message_id=<178243237480.2478.2318171514195931081@github-actions.local>
smtp_ehlo_code=250
smtp_ehlo_response=smtp.gmail.com at your service, [13.83.236.204]\nSIZE 35882577\n8BITMIME\nSTARTTLS\nENHANCEDSTATUSCODES\nPIPELINING\nCHUNKING\nSMTPUTF8
smtp_starttls_code=220
smtp_starttls_response=2.0.0 Ready to start TLS
smtp_tls_ehlo_code=250
smtp_tls_ehlo_response=smtp.gmail.com at your service, [13.83.236.204]\nSIZE 35882577\n8BITMIME\nAUTH LOGIN PLAIN XOAUTH2 PLAIN-CLIENTTOKEN OAUTHBEARER XOAUTH\nENHANCEDSTATUSCODES\nPIPELINING\nCHUNKING\nSMTPUTF8
smtp_login_code=235
smtp_login_response=2.7.0 Accepted
smtp_mail_code=250
smtp_mail_response=2.1.0 OK 5a478bee46e88-30c7c199561sm14400809eec.0 - gsmtp
smtp_rcpt_code=250
smtp_rcpt_response=2.1.5 OK 5a478bee46e88-30c7c199561sm14400809eec.0 - gsmtp
smtp_data_code=250
smtp_data_response=2.0.0 OK  1782432376 5a478bee46e88-30c7c199561sm14400809eec.0 - gsmtp
report_path=reports/today_stock.md
report_size_bytes=14967
git_commit=5801cc9d385b7e17201a888c442a5727d64de5a1
workflow_run_id=28208298558
today_stock_sha256=a93cbe3780fac60f36a69d8201e610015dd230a5477423757e385e26e2d256ea
email_body_sha256=a93cbe3780fac60f36a69d8201e610015dd230a5477423757e385e26e2d256ea
body_matches_today_stock=True
email_subject=A股自动选股日报 2026-06-25【实时数据】
mail_to=xulu2341@gmail.com
