email_sent=true
smtp_connection=success
gmail_auth=success
missing_secrets=none
error=none
message_id=<178224705094.2443.11163523731729514303@github-actions.local>
smtp_ehlo_code=250
smtp_ehlo_response=smtp.gmail.com at your service, [4.246.135.65]\nSIZE 35882577\n8BITMIME\nSTARTTLS\nENHANCEDSTATUSCODES\nPIPELINING\nCHUNKING\nSMTPUTF8
smtp_starttls_code=220
smtp_starttls_response=2.0.0 Ready to start TLS
smtp_tls_ehlo_code=250
smtp_tls_ehlo_response=smtp.gmail.com at your service, [4.246.135.65]\nSIZE 35882577\n8BITMIME\nAUTH LOGIN PLAIN XOAUTH2 PLAIN-CLIENTTOKEN OAUTHBEARER XOAUTH\nENHANCEDSTATUSCODES\nPIPELINING\nCHUNKING\nSMTPUTF8
smtp_login_code=235
smtp_login_response=2.7.0 Accepted
smtp_mail_code=250
smtp_mail_response=2.1.0 OK af79cd13be357-92600c7bf55sm358609685a.46 - gsmtp
smtp_rcpt_code=250
smtp_rcpt_response=2.1.5 OK af79cd13be357-92600c7bf55sm358609685a.46 - gsmtp
smtp_data_code=250
smtp_data_response=2.0.0 OK  1782247051 af79cd13be357-92600c7bf55sm358609685a.46 - gsmtp
email_subject=A股自动选股日报 2026-06-23
mail_to=xulu2341@gmail.com
