email_sent=true
smtp_connection=success
gmail_auth=success
missing_secrets=none
error=none
message_id=<178281065602.2460.10978574567475952217@github-actions.local>
smtp_ehlo_code=250
smtp_ehlo_response=smtp.gmail.com at your service, [20.119.87.98]\nSIZE 35882577\n8BITMIME\nSTARTTLS\nENHANCEDSTATUSCODES\nPIPELINING\nCHUNKING\nSMTPUTF8
smtp_starttls_code=220
smtp_starttls_response=2.0.0 Ready to start TLS
smtp_tls_ehlo_code=250
smtp_tls_ehlo_response=smtp.gmail.com at your service, [20.119.87.98]\nSIZE 35882577\n8BITMIME\nAUTH LOGIN PLAIN XOAUTH2 PLAIN-CLIENTTOKEN OAUTHBEARER XOAUTH\nENHANCEDSTATUSCODES\nPIPELINING\nCHUNKING\nSMTPUTF8
smtp_login_code=235
smtp_login_response=2.7.0 Accepted
smtp_mail_code=250
smtp_mail_response=2.1.0 OK af79cd13be357-92e6233fafdsm197201985a.36 - gsmtp
smtp_rcpt_code=250
smtp_rcpt_response=2.1.5 OK af79cd13be357-92e6233fafdsm197201985a.36 - gsmtp
smtp_data_code=250
smtp_data_response=2.0.0 OK  1782810657 af79cd13be357-92e6233fafdsm197201985a.36 - gsmtp
report_path=reports/today_stock.md
report_size_bytes=16353
git_commit=3c05fbdd8c557f5e3eee8293ef86a53f78262545
workflow_run_id=28433308466
today_stock_sha256=bcfa789441e4b6ac0a478e3f257e6818c1477ef29efb9a9ec853b5af26a356d9
email_body_sha256=bcfa789441e4b6ac0a478e3f257e6818c1477ef29efb9a9ec853b5af26a356d9
body_matches_today_stock=True
email_subject=A股自动选股日报 2026-06-30【实时数据】
mail_to=xulu2341@gmail.com
