email_sent=true
smtp_connection=success
gmail_auth=success
missing_secrets=none
error=none
message_id=<178273711217.2588.16526422747813265429@github-actions.local>
smtp_ehlo_code=250
smtp_ehlo_response=smtp.gmail.com at your service, [172.184.220.203]\nSIZE 35882577\n8BITMIME\nSTARTTLS\nENHANCEDSTATUSCODES\nPIPELINING\nCHUNKING\nSMTPUTF8
smtp_starttls_code=220
smtp_starttls_response=2.0.0 Ready to start TLS
smtp_tls_ehlo_code=250
smtp_tls_ehlo_response=smtp.gmail.com at your service, [172.184.220.203]\nSIZE 35882577\n8BITMIME\nAUTH LOGIN PLAIN XOAUTH2 PLAIN-CLIENTTOKEN OAUTHBEARER XOAUTH\nENHANCEDSTATUSCODES\nPIPELINING\nCHUNKING\nSMTPUTF8
smtp_login_code=235
smtp_login_response=2.7.0 Accepted
smtp_mail_code=250
smtp_mail_response=2.1.0 OK d2e1a72fcca58-845a3fcc5ffsm11721256b3a.9 - gsmtp
smtp_rcpt_code=250
smtp_rcpt_response=2.1.5 OK d2e1a72fcca58-845a3fcc5ffsm11721256b3a.9 - gsmtp
smtp_data_code=250
smtp_data_response=2.0.0 OK  1782737114 d2e1a72fcca58-845a3fcc5ffsm11721256b3a.9 - gsmtp
report_path=reports/today_stock.md
report_size_bytes=16353
git_commit=8cc17802cddee5d604e0ba03a499a8a558edb56f
workflow_run_id=28372764316
today_stock_sha256=bcfa789441e4b6ac0a478e3f257e6818c1477ef29efb9a9ec853b5af26a356d9
email_body_sha256=bcfa789441e4b6ac0a478e3f257e6818c1477ef29efb9a9ec853b5af26a356d9
body_matches_today_stock=True
email_subject=A股自动选股日报 2026-06-29【实时数据】
mail_to=xulu2341@gmail.com
