email_sent=true
smtp_connection=success
gmail_auth=success
missing_secrets=none
error=none
message_id=<178230390139.2396.6110320076162135391@github-actions.local>
smtp_ehlo_code=250
smtp_ehlo_response=smtp.gmail.com at your service, [172.202.102.214]\nSIZE 35882577\n8BITMIME\nSTARTTLS\nENHANCEDSTATUSCODES\nPIPELINING\nCHUNKING\nSMTPUTF8
smtp_starttls_code=220
smtp_starttls_response=2.0.0 Ready to start TLS
smtp_tls_ehlo_code=250
smtp_tls_ehlo_response=smtp.gmail.com at your service, [172.202.102.214]\nSIZE 35882577\n8BITMIME\nAUTH LOGIN PLAIN XOAUTH2 PLAIN-CLIENTTOKEN OAUTHBEARER XOAUTH\nENHANCEDSTATUSCODES\nPIPELINING\nCHUNKING\nSMTPUTF8
smtp_login_code=235
smtp_login_response=2.7.0 Accepted
smtp_mail_code=250
smtp_mail_response=2.1.0 OK 5614622812f47-48aec0e5e53sm8245903b6e.8 - gsmtp
smtp_rcpt_code=250
smtp_rcpt_response=2.1.5 OK 5614622812f47-48aec0e5e53sm8245903b6e.8 - gsmtp
smtp_data_code=250
smtp_data_response=2.0.0 OK  1782303902 5614622812f47-48aec0e5e53sm8245903b6e.8 - gsmtp
email_subject=A股自动选股日报 2026-06-24【实时数据】
mail_to=xulu2341@gmail.com
