email_sent=true
smtp_connection=success
gmail_auth=success
missing_secrets=none
error=none
message_id=<178290579015.2487.10181479493869617025@github-actions.local>
smtp_ehlo_code=250
smtp_ehlo_response=smtp.gmail.com at your service, [52.238.26.246]\nSIZE 35882577\n8BITMIME\nSTARTTLS\nENHANCEDSTATUSCODES\nPIPELINING\nCHUNKING\nSMTPUTF8
smtp_starttls_code=220
smtp_starttls_response=2.0.0 Ready to start TLS
smtp_tls_ehlo_code=250
smtp_tls_ehlo_response=smtp.gmail.com at your service, [52.238.26.246]\nSIZE 35882577\n8BITMIME\nAUTH LOGIN PLAIN XOAUTH2 PLAIN-CLIENTTOKEN OAUTHBEARER XOAUTH\nENHANCEDSTATUSCODES\nPIPELINING\nCHUNKING\nSMTPUTF8
smtp_login_code=235
smtp_login_response=2.7.0 Accepted
smtp_mail_code=250
smtp_mail_response=2.1.0 OK d9443c01a7336-2ca3828c2e8sm30530355ad.43 - gsmtp
smtp_rcpt_code=250
smtp_rcpt_response=2.1.5 OK d9443c01a7336-2ca3828c2e8sm30530355ad.43 - gsmtp
smtp_data_code=250
smtp_data_response=2.0.0 OK  1782905791 d9443c01a7336-2ca3828c2e8sm30530355ad.43 - gsmtp
report_path=reports/today_stock.md
report_size_bytes=16179
git_commit=9370df54e0fac4274ec821bec49807cf14a92548
workflow_run_id=28514451055
today_stock_sha256=c306455d0c3845600878a231f9ada89b58e9cec3f38f6fd51f976f1403f430f4
email_body_sha256=c306455d0c3845600878a231f9ada89b58e9cec3f38f6fd51f976f1403f430f4
body_matches_today_stock=True
email_subject=A股自动选股日报 2026-07-01【实时数据】
mail_to=xulu2341@gmail.com
